0 info it worked if it ends with ok
1 verbose cli [ '/usr/local/Cellar/node/5.1.1/bin/node',
1 verbose cli   '/usr/local/bin/npm',
1 verbose cli   'install',
1 verbose cli   '--save',
1 verbose cli   'polymer-iron-jsonp-library@1.0.4' ]
2 info using npm@3.3.12
3 info using node@v5.1.1
4 verbose config Skipping project config: /Users/wo-home/.npmrc. (matches userconfig)
5 silly loadCurrentTree Starting
6 silly install loadCurrentTree
7 silly install readLocalPackageData
8 silly fetchPackageMetaData polymer-iron-jsonp-library@1.0.4
9 silly fetchNamedPackageData polymer-iron-jsonp-library
10 silly mapToRegistry name polymer-iron-jsonp-library
11 silly mapToRegistry using default registry
12 silly mapToRegistry registry https://registry.npmjs.org/
13 silly mapToRegistry uri https://registry.npmjs.org/polymer-iron-jsonp-library
14 verbose request uri https://registry.npmjs.org/polymer-iron-jsonp-library
15 verbose request no auth needed
16 info attempt registry request try #1 at 2:41:05 PM
17 verbose request id 389e5d0c0ebc5cd7
18 http request GET https://registry.npmjs.org/polymer-iron-jsonp-library
19 http 200 https://registry.npmjs.org/polymer-iron-jsonp-library
20 verbose headers { server: 'nginx/1.10.1',
20 verbose headers   'content-type': 'application/json',
20 verbose headers   'last-modified': 'Sat, 30 Jan 2016 04:32:08 GMT',
20 verbose headers   etag: 'W/"56ac3cc8-1ae"',
20 verbose headers   'content-encoding': 'gzip',
20 verbose headers   'cache-control': 'max-age=300',
20 verbose headers   'content-length': '252',
20 verbose headers   'accept-ranges': 'bytes',
20 verbose headers   date: 'Mon, 28 Nov 2016 14:41:05 GMT',
20 verbose headers   via: '1.1 varnish',
20 verbose headers   age: '0',
20 verbose headers   connection: 'keep-alive',
20 verbose headers   'x-served-by': 'cache-lhr6348-LHR',
20 verbose headers   'x-cache': 'MISS',
20 verbose headers   'x-cache-hits': '0',
20 verbose headers   'x-timer': 'S1480344065.347519,VS0,VE32',
20 verbose headers   vary: 'Accept-Encoding' }
21 silly get cb [ 200,
21 silly get   { server: 'nginx/1.10.1',
21 silly get     'content-type': 'application/json',
21 silly get     'last-modified': 'Sat, 30 Jan 2016 04:32:08 GMT',
21 silly get     etag: 'W/"56ac3cc8-1ae"',
21 silly get     'content-encoding': 'gzip',
21 silly get     'cache-control': 'max-age=300',
21 silly get     'content-length': '252',
21 silly get     'accept-ranges': 'bytes',
21 silly get     date: 'Mon, 28 Nov 2016 14:41:05 GMT',
21 silly get     via: '1.1 varnish',
21 silly get     age: '0',
21 silly get     connection: 'keep-alive',
21 silly get     'x-served-by': 'cache-lhr6348-LHR',
21 silly get     'x-cache': 'MISS',
21 silly get     'x-cache-hits': '0',
21 silly get     'x-timer': 'S1480344065.347519,VS0,VE32',
21 silly get     vary: 'Accept-Encoding' } ]
22 verbose get saving polymer-iron-jsonp-library to /Users/wo-home/.npm/registry.npmjs.org/polymer-iron-jsonp-library/.cache.json
23 verbose stack TypeError: Cannot convert undefined or null to object
23 verbose stack     at Function.keys (native)
23 verbose stack     at pickVersionFromRegistryDocument (/usr/local/lib/node_modules/npm/lib/fetch-package-metadata.js:121:29)
23 verbose stack     at /usr/local/lib/node_modules/npm/node_modules/iferr/index.js:13:50
23 verbose stack     at /usr/local/lib/node_modules/npm/lib/utils/pulse-till-done.js:19:8
23 verbose stack     at saved (/usr/local/lib/node_modules/npm/lib/cache/caching-client.js:168:7)
23 verbose stack     at /usr/local/lib/node_modules/npm/node_modules/graceful-fs/polyfills.js:210:7
23 verbose stack     at FSReqWrap.oncomplete (fs.js:82:15)
24 verbose cwd /Users/wo-home/Documents/dev/deko
25 error Darwin 16.1.0
26 error argv "/usr/local/Cellar/node/5.1.1/bin/node" "/usr/local/bin/npm" "install" "--save" "polymer-iron-jsonp-library@1.0.4"
27 error node v5.1.1
28 error npm  v3.3.12
29 error Cannot convert undefined or null to object
30 error If you need help, you may report this error at:
30 error     <https://github.com/npm/npm/issues>
31 verbose exit [ 1, true ]
